# JRE version: Java(TM) SE Runtime Environment (10.0.2+13) (build 10.0.2+13)
# Java VM: Java HotSpot(TM) 64-Bit Server VM (10.0.2+13, mixed mode, tiered, compressed oops, g1 gc, windows-amd64)
Heap:
 garbage-first heap   total 262144K, used 133822K [0x00000006c0e00000, 0x00000007c0000000)
  region size 1024K, 36 young (36864K), 12 survivors (12288K)
 Metaspace       used 43596K, capacity 44396K, committed 45056K, reserved 1089536K
  class space    used 4820K, capacity 5020K, committed 5120K, reserved 1048576K
GC Heap History (10 events):
Event: 151.588 GC heap before
{Heap before GC invocations=7 (full 0):
 garbage-first heap   total 262144K, used 45751K [0x00000006c0e00000, 0x00000007c0000000)
  region size 1024K, 29 young (29696K), 14 survivors (14336K)
 Metaspace       used 43143K, capacity 43952K, committed 44416K, reserved 1089536K
  class space    used 4770K, capacity 4964K, committed 4992K, reserved 1048576K
}
Event: 151.602 GC heap after
{Heap after GC invocations=8 (full 0):
 garbage-first heap   total 262144K, used 29372K [0x00000006c0e00000, 0x00000007c0000000)
  region size 1024K, 4 young (4096K), 4 survivors (4096K)
 Metaspace       used 43143K, capacity 43952K, committed 44416K, reserved 1089536K
  class space    used 4770K, capacity 4964K, committed 4992K, reserved 1048576K
}
Event: 152.976 GC heap before
{Heap before GC invocations=8 (full 0):
 garbage-first heap   total 262144K, used 175804K [0x00000006c0e00000, 0x00000007c0000000)
  region size 1024K, 146 young (149504K), 4 survivors (4096K)
 Metaspace       used 43148K, capacity 43952K, committed 44416K, reserved 1089536K
  class space    used 4770K, capacity 4964K, committed 4992K, reserved 1048576K
}
Event: 153.009 GC heap after
{Heap after GC invocations=9 (full 0):
 garbage-first heap   total 262144K, used 70243K [0x00000006c0e00000, 0x00000007c0000000)
  region size 1024K, 19 young (19456K), 19 survivors (19456K)
 Metaspace       used 43148K, capacity 43952K, committed 44416K, reserved 1089536K
  class space    used 4770K, capacity 4964K, committed 4992K, reserved 1048576K
}
Event: 153.972 GC heap before
{Heap before GC invocations=9 (full 0):
 garbage-first heap   total 262144K, used 175715K [0x00000006c0e00000, 0x00000007c0000000)
  region size 1024K, 122 young (124928K), 19 survivors (19456K)
 Metaspace       used 43150K, capacity 43952K, committed 44416K, reserved 1089536K
  class space    used 4770K, capacity 4964K, committed 4992K, reserved 1048576K
}
Event: 153.992 GC heap after
{Heap after GC invocations=10 (full 0):
 garbage-first heap   total 262144K, used 85487K [0x00000006c0e00000, 0x00000007c0000000)
  region size 1024K, 16 young (16384K), 16 survivors (16384K)
 Metaspace       used 43150K, capacity 43952K, committed 44416K, reserved 1089536K
  class space    used 4770K, capacity 4964K, committed 4992K, reserved 1048576K
}
Event: 154.820 GC heap before
{Heap before GC invocations=10 (full 0):
 garbage-first heap   total 262144K, used 177647K [0x00000006c0e00000, 0x00000007c0000000)
  region size 1024K, 106 young (108544K), 16 survivors (16384K)
 Metaspace       used 43150K, capacity 43952K, committed 44416K, reserved 1089536K
  class space    used 4770K, capacity 4964K, committed 4992K, reserved 1048576K
}
Event: 154.836 GC heap after
{Heap after GC invocations=11 (full 0):
 garbage-first heap   total 262144K, used 98304K [0x00000006c0e00000, 0x00000007c0000000)
  region size 1024K, 14 young (14336K), 14 survivors (14336K)
 Metaspace       used 43150K, capacity 43952K, committed 44416K, reserved 1089536K
  class space    used 4770K, capacity 4964K, committed 4992K, reserved 1048576K
}
Event: 155.545 GC heap before
{Heap before GC invocations=11 (full 0):
 garbage-first heap   total 262144K, used 181248K [0x00000006c0e00000, 0x00000007c0000000)
  region size 1024K, 95 young (97280K), 14 survivors (14336K)
 Metaspace       used 43150K, capacity 43952K, committed 44416K, reserved 1089536K
  class space    used 4770K, capacity 4964K, committed 4992K, reserved 1048576K
}
Event: 155.560 GC heap after
{Heap after GC invocations=12 (full 0):
 garbage-first heap   total 262144K, used 110270K [0x00000006c0e00000, 0x00000007c0000000)
  region size 1024K, 12 young (12288K), 12 survivors (12288K)
 Metaspace       used 43150K, capacity 43952K, committed 44416K, reserved 1089536K
  class space    used 4770K, capacity 4964K, committed 4992K, reserved 1048576K
}

