# JRE version: Java(TM) SE Runtime Environment (10.0.2+13) (build 10.0.2+13)
# Java VM: Java HotSpot(TM) 64-Bit Server VM (10.0.2+13, mixed mode, tiered, compressed oops, g1 gc, windows-amd64)
Heap:
 garbage-first heap   total 347136K, used 244736K [0x00000006c0e00000, 0x00000007c0000000)
  region size 1024K, 99 young (101376K), 15 survivors (15360K)
 Metaspace       used 43520K, capacity 44328K, committed 45056K, reserved 1089536K
  class space    used 4813K, capacity 5017K, committed 5120K, reserved 1048576K
GC Heap History (10 events):
Event: 138.983 GC heap before
{Heap before GC invocations=28 (full 0):
 garbage-first heap   total 347136K, used 96743K [0x00000006c0e00000, 0x00000007c0000000)
  region size 1024K, 16 young (16384K), 8 survivors (8192K)
 Metaspace       used 43100K, capacity 43887K, committed 44416K, reserved 1089536K
  class space    used 4772K, capacity 4964K, committed 4992K, reserved 1048576K
}
Event: 138.986 GC heap after
{Heap after GC invocations=29 (full 0):
 garbage-first heap   total 347136K, used 55166K [0x00000006c0e00000, 0x00000007c0000000)
  region size 1024K, 2 young (2048K), 2 survivors (2048K)
 Metaspace       used 43100K, capacity 43887K, committed 44416K, reserved 1089536K
  class space    used 4772K, capacity 4964K, committed 4992K, reserved 1048576K
}
Event: 152.027 GC heap before
{Heap before GC invocations=29 (full 0):
 garbage-first heap   total 347136K, used 256894K [0x00000006c0e00000, 0x00000007c0000000)
  region size 1024K, 199 young (203776K), 2 survivors (2048K)
 Metaspace       used 43133K, capacity 43951K, committed 44416K, reserved 1089536K
  class space    used 4772K, capacity 4964K, committed 4992K, reserved 1048576K
}
Event: 152.060 GC heap after
{Heap after GC invocations=30 (full 0):
 garbage-first heap   total 347136K, used 112806K [0x00000006c0e00000, 0x00000007c0000000)
  region size 1024K, 25 young (25600K), 25 survivors (25600K)
 Metaspace       used 43133K, capacity 43951K, committed 44416K, reserved 1089536K
  class space    used 4772K, capacity 4964K, committed 4992K, reserved 1048576K
}
Event: 153.226 GC heap before
{Heap before GC invocations=30 (full 0):
 garbage-first heap   total 347136K, used 242854K [0x00000006c0e00000, 0x00000007c0000000)
  region size 1024K, 152 young (155648K), 25 survivors (25600K)
 Metaspace       used 43133K, capacity 43951K, committed 44416K, reserved 1089536K
  class space    used 4772K, capacity 4964K, committed 4992K, reserved 1048576K
}
Event: 153.248 GC heap after
{Heap after GC invocations=31 (full 0):
 garbage-first heap   total 347136K, used 128000K [0x00000006c0e00000, 0x00000007c0000000)
  region size 1024K, 19 young (19456K), 19 survivors (19456K)
 Metaspace       used 43133K, capacity 43951K, committed 44416K, reserved 1089536K
  class space    used 4772K, capacity 4964K, committed 4992K, reserved 1048576K
}
Event: 154.291 GC heap before
{Heap before GC invocations=31 (full 0):
 garbage-first heap   total 347136K, used 242688K [0x00000006c0e00000, 0x00000007c0000000)
  region size 1024K, 131 young (134144K), 19 survivors (19456K)
 Metaspace       used 43133K, capacity 43951K, committed 44416K, reserved 1089536K
  class space    used 4772K, capacity 4964K, committed 4992K, reserved 1048576K
}
Event: 154.312 GC heap after
{Heap after GC invocations=32 (full 0):
 garbage-first heap   total 347136K, used 144896K [0x00000006c0e00000, 0x00000007c0000000)
  region size 1024K, 17 young (17408K), 17 survivors (17408K)
 Metaspace       used 43133K, capacity 43951K, committed 44416K, reserved 1089536K
  class space    used 4772K, capacity 4964K, committed 4992K, reserved 1048576K
}
Event: 155.246 GC heap before
{Heap before GC invocations=32 (full 0):
 garbage-first heap   total 347136K, used 246272K [0x00000006c0e00000, 0x00000007c0000000)
  region size 1024K, 116 young (118784K), 17 survivors (17408K)
 Metaspace       used 43141K, capacity 43956K, committed 44416K, reserved 1089536K
  class space    used 4772K, capacity 4964K, committed 4992K, reserved 1048576K
}
Event: 155.263 GC heap after
{Heap after GC invocations=33 (full 0):
 garbage-first heap   total 347136K, used 159744K [0x00000006c0e00000, 0x00000007c0000000)
  region size 1024K, 15 young (15360K), 15 survivors (15360K)
 Metaspace       used 43141K, capacity 43956K, committed 44416K, reserved 1089536K
  class space    used 4772K, capacity 4964K, committed 4992K, reserved 1048576K
}

